#
# There is insufficient memory for the Java Runtime Environment to continue.
# Native memory allocation (mmap) failed to map 201326592 bytes. Error detail: G1 virtual space
# Possible reasons:
#   The system is out of physical RAM or swap space
#   This process is running with CompressedOops enabled, and the Java Heap may be blocking the growth of the native heap
# Possible solutions:
#   Reduce memory load on the system
#   Increase physical memory or swap space
#   Check if swap backing store is full
#   Decrease Java heap size (-Xmx/-Xms)
#   Decrease number of Java threads
#   Decrease Java thread stack sizes (-Xss)
#   Set larger code cache with -XX:ReservedCodeCacheSize=
#   JVM is running with Zero Based Compressed Oops mode in which the Java heap is
#     placed in the first 32GB address space. The Java Heap base address is the
#     maximum limit for the native heap growth. Please use -XX:HeapBaseMinAddress
#     to set the Java Heap base and to place the Java Heap above 32GB virtual address.
# This output file may be truncated or incomplete.
#
#  Out of Memory Error (os_windows.cpp:3614), pid=28304, tid=22836
#
# JRE version:  (17.0.13+11) (build )
# Java VM: OpenJDK 64-Bit Server VM (17.0.13+11, mixed mode, sharing, tiered, compressed oops, compressed class ptrs, g1 gc, windows-amd64)
# No core dump will be written. Minidumps are not enabled by default on client versions of Windows
#

---------------  S U M M A R Y ------------

Command Line: -XX:+ShowCodeDetailsInExceptionMessages exemple.ExempleDUtilisation

Host: Intel(R) Core(TM) i7-4710MQ CPU @ 2.50GHz, 8 cores, 11G,  Windows 10 , 64 bit Build 19041 (10.0.19041.5072)
Time: Fri Dec  6 22:18:38 2024 Paris, Madrid elapsed time: 0.012173 seconds (0d 0h 0m 0s)

---------------  T H R E A D  ---------------

Current thread (0x000001c6e019cf90):  JavaThread "Unknown thread" [_thread_in_vm, id=22836, stack(0x0000002b3ec00000,0x0000002b3ed00000)]

Stack: [0x0000002b3ec00000,0x0000002b3ed00000]
Native frames: (J=compiled Java code, j=interpreted, Vv=VM code, C=native code)
V  [jvm.dll+0x682a19]
V  [jvm.dll+0x839538]
V  [jvm.dll+0x83afe3]
V  [jvm.dll+0x83b653]
V  [jvm.dll+0x24704f]
V  [jvm.dll+0x67f809]
V  [jvm.dll+0x6746fa]
V  [jvm.dll+0x304a96]
V  [jvm.dll+0x30bf56]
V  [jvm.dll+0x35da5e]
V  [jvm.dll+0x35dc9d]
V  [jvm.dll+0x2dbe5c]
V  [jvm.dll+0x2dcd74]
V  [jvm.dll+0x80b44b]
V  [jvm.dll+0x36b491]
V  [jvm.dll+0x7e9e3f]
V  [jvm.dll+0x3f1d7f]
V  [jvm.dll+0x3f38b1]
C  [jli.dll+0x5278]
C  [ucrtbase.dll+0x21bb2]
C  [KERNEL32.DLL+0x17374]
C  [ntdll.dll+0x4cc91]


---------------  P R O C E S S  ---------------

Threads class SMR info:
_java_thread_list=0x00007ffa382f7f58, length=0, elements={
}

Java Threads: ( => current thread )

Other Threads:
  0x000001c6e01f8d60 GCTaskThread "GC Thread#0" [stack: 0x0000002b3ed00000,0x0000002b3ee00000] [id=8788]
  0x000001c6e0205a40 ConcurrentGCThread "G1 Main Marker" [stack: 0x0000002b3ee00000,0x0000002b3ef00000] [id=11256]
  0x000001c6e0206360 ConcurrentGCThread "G1 Conc#0" [stack: 0x0000002b3ef00000,0x0000002b3f000000] [id=9280]

[error occurred during error reporting (printing all threads), id 0xc0000005, EXCEPTION_ACCESS_VIOLATION (0xc0000005) at pc=0x00007ffa37aac987]

VM state: not at safepoint (not fully initialized)

VM Mutex/Monitor currently owned by a thread:  ([mutex/lock_event])
[0x000001c6e0199770] Heap_lock - owner thread: 0x000001c6e019cf90

Heap address: 0x0000000741600000, size: 3050 MB, Compressed Oops mode: Zero based, Oop shift amount: 3

CDS archive(s) mapped at: [0x0000000000000000-0x0000000000000000-0x0000000000000000), size 0, SharedBaseAddress: 0x0000000800000000, ArchiveRelocationMode: 1.
Narrow klass base: 0x0000000000000000, Narrow klass shift: 0, Narrow klass range: 0x0

GC Precious Log:
<Empty>

Heap:
 garbage-first heap   total 0K, used 0K [0x0000000741600000, 0x0000000800000000)
  region size 2048K, 0 young (0K), 0 survivors (0K)

[error occurred during error reporting (printing heap information), id 0xc0000005, EXCEPTION_ACCESS_VIOLATION (0xc0000005) at pc=0x00007ffa37e9c179]

GC Heap History (0 events):
No events

Dll operation events (1 events):
Event: 0.006 Loaded shared library C:\Users\KAMGAING BAUTREL\.vscode\extensions\redhat.java-1.37.0-win32-x64\jre\17.0.13-win32-x86_64\bin\java.dll

Deoptimization events (0 events):
No events

Classes loaded (0 events):
No events

Classes unloaded (0 events):
No events

Classes redefined (0 events):
No events

Internal exceptions (0 events):
No events

VM Operations (0 events):
No events

Memory protections (0 events):
No events

Nmethod flushes (0 events):
No events

Events (0 events):
No events


Dynamic libraries:
0x00007ff78c000000 - 0x00007ff78c00e000 	C:\Users\KAMGAING BAUTREL\.vscode\extensions\redhat.java-1.37.0-win32-x64\jre\17.0.13-win32-x86_64\bin\java.exe
0x00007ffa99090000 - 0x00007ffa99288000 	C:\WINDOWS\SYSTEM32\ntdll.dll
0x00007ffa97de0000 - 0x00007ffa97ea2000 	C:\WINDOWS\System32\KERNEL32.DLL
0x00007ffa96a00000 - 0x00007ffa96cfe000 	C:\WINDOWS\System32\KERNELBASE.dll
0x00007ffa96ee0000 - 0x00007ffa96fe0000 	C:\WINDOWS\System32\ucrtbase.dll
0x00007ffa7e1c0000 - 0x00007ffa7e1d7000 	C:\Users\KAMGAING BAUTREL\.vscode\extensions\redhat.java-1.37.0-win32-x64\jre\17.0.13-win32-x86_64\bin\jli.dll
0x00007ffa7fb50000 - 0x00007ffa7fb6e000 	C:\Users\KAMGAING BAUTREL\.vscode\extensions\redhat.java-1.37.0-win32-x64\jre\17.0.13-win32-x86_64\bin\VCRUNTIME140.dll
0x00007ffa983c0000 - 0x00007ffa9855d000 	C:\WINDOWS\System32\USER32.dll
0x00007ffa968b0000 - 0x00007ffa968d2000 	C:\WINDOWS\System32\win32u.dll
0x00007ffa8c580000 - 0x00007ffa8c81a000 	C:\WINDOWS\WinSxS\amd64_microsoft.windows.common-controls_6595b64144ccf1df_6.0.19041.4355_none_60b8b9eb71f62e16\COMCTL32.dll
0x00007ffa97c60000 - 0x00007ffa97c8b000 	C:\WINDOWS\System32\GDI32.dll
0x00007ffa97c90000 - 0x00007ffa97d2e000 	C:\WINDOWS\System32\msvcrt.dll
0x00007ffa96d00000 - 0x00007ffa96e17000 	C:\WINDOWS\System32\gdi32full.dll
0x00007ffa96fe0000 - 0x00007ffa9707d000 	C:\WINDOWS\System32\msvcp_win.dll
0x00007ffa989e0000 - 0x00007ffa98a0f000 	C:\WINDOWS\System32\IMM32.DLL
0x00007ffa8dcc0000 - 0x00007ffa8dccc000 	C:\Users\KAMGAING BAUTREL\.vscode\extensions\redhat.java-1.37.0-win32-x64\jre\17.0.13-win32-x86_64\bin\vcruntime140_1.dll
0x00007ffa71ee0000 - 0x00007ffa71f6d000 	C:\Users\KAMGAING BAUTREL\.vscode\extensions\redhat.java-1.37.0-win32-x64\jre\17.0.13-win32-x86_64\bin\msvcp140.dll
0x00007ffa377c0000 - 0x00007ffa3842b000 	C:\Users\KAMGAING BAUTREL\.vscode\extensions\redhat.java-1.37.0-win32-x64\jre\17.0.13-win32-x86_64\bin\server\jvm.dll
0x00007ffa986e0000 - 0x00007ffa98791000 	C:\WINDOWS\System32\ADVAPI32.dll
0x00007ffa98560000 - 0x00007ffa985ff000 	C:\WINDOWS\System32\sechost.dll
0x00007ffa97080000 - 0x00007ffa971a3000 	C:\WINDOWS\System32\RPCRT4.dll
0x00007ffa96e20000 - 0x00007ffa96e47000 	C:\WINDOWS\System32\bcrypt.dll
0x00007ffa987a0000 - 0x00007ffa9880b000 	C:\WINDOWS\System32\WS2_32.dll
0x00007ffa964b0000 - 0x00007ffa964fb000 	C:\WINDOWS\SYSTEM32\POWRPROF.dll
0x00007ffa8e100000 - 0x00007ffa8e127000 	C:\WINDOWS\SYSTEM32\WINMM.dll
0x00007ffa8c2c0000 - 0x00007ffa8c2ca000 	C:\WINDOWS\SYSTEM32\VERSION.dll
0x00007ffa96490000 - 0x00007ffa964a2000 	C:\WINDOWS\SYSTEM32\UMPDC.dll
0x00007ffa94580000 - 0x00007ffa94592000 	C:\WINDOWS\SYSTEM32\kernel.appcore.dll
0x00007ffa8ae40000 - 0x00007ffa8ae4a000 	C:\Users\KAMGAING BAUTREL\.vscode\extensions\redhat.java-1.37.0-win32-x64\jre\17.0.13-win32-x86_64\bin\jimage.dll
0x00007ffa8fdc0000 - 0x00007ffa8ffa4000 	C:\WINDOWS\SYSTEM32\DBGHELP.DLL
0x00007ffa8f990000 - 0x00007ffa8f9c4000 	C:\WINDOWS\SYSTEM32\dbgcore.DLL
0x00007ffa96e50000 - 0x00007ffa96ed2000 	C:\WINDOWS\System32\bcryptPrimitives.dll
0x00007ffa760f0000 - 0x00007ffa76115000 	C:\Users\KAMGAING BAUTREL\.vscode\extensions\redhat.java-1.37.0-win32-x64\jre\17.0.13-win32-x86_64\bin\java.dll

dbghelp: loaded successfully - version: 4.0.5 - missing functions: none
symbol engine: initialized successfully - sym options: 0x614 - pdb path: .;C:\Users\KAMGAING BAUTREL\.vscode\extensions\redhat.java-1.37.0-win32-x64\jre\17.0.13-win32-x86_64\bin;C:\WINDOWS\SYSTEM32;C:\WINDOWS\WinSxS\amd64_microsoft.windows.common-controls_6595b64144ccf1df_6.0.19041.4355_none_60b8b9eb71f62e16;C:\Users\KAMGAING BAUTREL\.vscode\extensions\redhat.java-1.37.0-win32-x64\jre\17.0.13-win32-x86_64\bin\server

VM Arguments:
jvm_args: -XX:+ShowCodeDetailsInExceptionMessages 
java_command: exemple.ExempleDUtilisation
java_class_path (initial): C:\Users\KAMGAING BAUTREL\github\TP11---bandeau-publicitaire\target\classes;C:\Users\KAMGAING BAUTREL\.m2\repository\io\github\bastide\bandeau\1.3\bandeau-1.3.jar
Launcher Type: SUN_STANDARD

[Global flags]
     intx CICompilerCount                          = 4                                         {product} {ergonomic}
     uint ConcGCThreads                            = 2                                         {product} {ergonomic}
     uint G1ConcRefinementThreads                  = 8                                         {product} {ergonomic}
   size_t G1HeapRegionSize                         = 2097152                                   {product} {ergonomic}
    uintx GCDrainStackTargetSize                   = 64                                        {product} {ergonomic}
   size_t InitialHeapSize                          = 201326592                                 {product} {ergonomic}
   size_t MarkStackSize                            = 4194304                                   {product} {ergonomic}
   size_t MaxHeapSize                              = 3198156800                                {product} {ergonomic}
   size_t MinHeapDeltaBytes                        = 2097152                                   {product} {ergonomic}
   size_t MinHeapSize                              = 8388608                                   {product} {ergonomic}
    uintx NonNMethodCodeHeapSize                   = 5839372                                {pd product} {ergonomic}
    uintx NonProfiledCodeHeapSize                  = 122909434                              {pd product} {ergonomic}
    uintx ProfiledCodeHeapSize                     = 122909434                              {pd product} {ergonomic}
    uintx ReservedCodeCacheSize                    = 251658240                              {pd product} {ergonomic}
     bool SegmentedCodeCache                       = true                                      {product} {ergonomic}
     bool ShowCodeDetailsInExceptionMessages       = true                                   {manageable} {command line}
   size_t SoftMaxHeapSize                          = 3198156800                             {manageable} {ergonomic}
     bool UseCompressedClassPointers               = true                           {product lp64_product} {ergonomic}
     bool UseCompressedOops                        = true                           {product lp64_product} {ergonomic}
     bool UseG1GC                                  = true                                      {product} {ergonomic}
     bool UseLargePagesIndividualAllocation        = false                                  {pd product} {ergonomic}

Logging:
Log output configuration:
 #0: stdout all=warning uptime,level,tags
 #1: stderr all=off uptime,level,tags

Environment Variables:
PATH=C:\Program Files\Common Files\Oracle\Java\javapath;C:\Program Files (x86)\Common Files\Oracle\Java\javapath;C:\WINDOWS\system32;C:\WINDOWS;C:\WINDOWS\System32\Wbem;C:\WINDOWS\System32\WindowsPowerShell\v1.0\;C:\WINDOWS\System32\OpenSSH\;C:\Program Files\Git\cmd;C:\Program Files\nodejs\;C:\ProgramData\chocolatey\bin;C:\Users\KAMGAING BAUTREL\AppData\Local\Programs\Python\Python313\Scripts\;C:\Users\KAMGAING BAUTREL\AppData\Local\Programs\Python\Python313\;C:\Users\KAMGAING BAUTREL\AppData\Local\Programs\Python\Launcher\;C:\Users\KAMGAING BAUTREL\AppData\Local\Microsoft\WindowsApps;D:\setup\pycharm\PyCharm 2023.2.5\bin;;C:\Users\KAMGAING BAUTREL\AppData\Local\Programs\Microsoft VS Code\bin;C:\Program Files\nodejs\;C:\Users\KAMGAING BAUTREL\AppData\Roaming\npm
USERNAME=KAMGAING BAUTREL
LANG=en_US.UTF-8
OS=Windows_NT
PROCESSOR_IDENTIFIER=Intel64 Family 6 Model 60 Stepping 3, GenuineIntel
TMP=C:\Users\KAMGAI~1\AppData\Local\Temp
TEMP=C:\Users\KAMGAI~1\AppData\Local\Temp



Periodic native trim disabled


---------------  S Y S T E M  ---------------

OS:
 Windows 10 , 64 bit Build 19041 (10.0.19041.5072)
OS uptime: 12 days 5:00 hours

CPU: total 8 (initial active 8) (4 cores per cpu, 2 threads per core) family 6 model 60 stepping 3 microcode 0x27, cx8, cmov, fxsr, ht, mmx, sse, sse2, sse3, ssse3, sse4.1, sse4.2, popcnt, lzcnt, tsc, tscinvbit, avx, avx2, aes, erms, clmul, bmi1, bmi2, fma, vzeroupper, clflush
Processor Information for all 8 processors :
  Max Mhz: 2501, Current Mhz: 2501, Mhz Limit: 2501

Memory: 4k page, system-wide physical 12193M (2791M free)
TotalPageFile size 14241M (AvailPageFile size 50M)
current process WorkingSet (physical memory assigned to process): 10M, peak: 10M
current process commit charge ("private bytes"): 60M, peak: 252M

vm_info: OpenJDK 64-Bit Server VM (17.0.13+11) for windows-amd64 JRE (17.0.13+11), built on Oct 16 2024 00:10:08 by "admin" with MS VC++ 17.7 (VS2022)

END.
